#
# There is insufficient memory for the Java Runtime Environment to continue.
# Native memory allocation (mmap) failed to map 100663296 bytes for Failed to commit area from 0x00000000a0e00000 to 0x00000000a6e00000 of length 100663296.
# Possible reasons:
#   The system is out of physical RAM or swap space
#   The process is running with CompressedOops enabled, and the Java Heap may be blocking the growth of the native heap
# Possible solutions:
#   Reduce memory load on the system
#   Increase physical memory or swap space
#   Check if swap backing store is full
#   Decrease Java heap size (-Xmx/-Xms)
#   Decrease number of Java threads
#   Decrease Java thread stack sizes (-Xss)
#   Set larger code cache with -XX:ReservedCodeCacheSize=
#   JVM is running with Unscaled Compressed Oops mode in which the Java heap is
#     placed in the first 4GB address space. The Java Heap base address is the
#     maximum limit for the native heap growth. Please use -XX:HeapBaseMinAddress
#     to set the Java Heap base and to place the Java Heap above 4GB virtual address.
# This output file may be truncated or incomplete.
#
#  Out of Memory Error (./open/src/hotspot/os/windows/os_windows.cpp:3315), pid=2828, tid=5492
#
# JRE version:  (14.0.2+12) (build )
# Java VM: Java HotSpot(TM) 64-Bit Server VM (14.0.2+12-46, mixed mode, sharing, tiered, compressed oops, g1 gc, windows-amd64)
# No core dump will be written. Minidumps are not enabled by default on client versions of Windows
#

---------------  S U M M A R Y ------------

Command Line: --module-path=C:\Users\Ayush Basak\Downloads\openjfx-11.0.2_windows-x64_bin-sdk\javafx-sdk-11.0.2\lib --add-modules=javafx.controls -Dfile.encoding=Cp1252 Main

Host: AMD Ryzen 5 3550H with Radeon Vega Mobile Gfx  , 8 cores, 5G,  Windows 10 , 64 bit Build 18362 (10.0.18362.1110)
Time: Sat Oct 31 20:27:32 2020 India Standard Time elapsed time: 0 seconds (0d 0h 0m 0s)

---------------  T H R E A D  ---------------

Current thread (0x00000278a38de000):  JavaThread "Unknown thread" [_thread_in_vm, id=5492, stack(0x000000eff1800000,0x000000eff1900000)]

Stack: [0x000000eff1800000,0x000000eff1900000]
Native frames: (J=compiled Java code, j=interpreted, Vv=VM code, C=native code)
V  [jvm.dll+0x5f8a9a]
V  [jvm.dll+0x74247a]
V  [jvm.dll+0x743c2f]
V  [jvm.dll+0x744273]
V  [jvm.dll+0x20d288]
V  [jvm.dll+0x5f5dea]
V  [jvm.dll+0x5eac45]
V  [jvm.dll+0x2c7e9c]
V  [jvm.dll+0x2c7cd2]
V  [jvm.dll+0x2cdbbc]
V  [jvm.dll+0x313fe8]
V  [jvm.dll+0x313710]
V  [jvm.dll+0x2a092a]
V  [jvm.dll+0x2a1a79]
V  [jvm.dll+0x71fd48]
V  [jvm.dll+0x321c14]
V  [jvm.dll+0x70112c]
V  [jvm.dll+0x392def]
V  [jvm.dll+0x394e61]
C  [jli.dll+0x524b]
C  [ucrtbase.dll+0x210b2]
C  [KERNEL32.DLL+0x17c24]
C  [ntdll.dll+0x6cea1]


---------------  P R O C E S S  ---------------

Threads class SMR info:
_java_thread_list=0x00007ffa1b3c3038, length=0, elements={
}

Java Threads: ( => current thread )

Other Threads:
  0x00000278a3918800 GCTaskThread "GC Thread#0" [stack: 0x000000eff1900000,0x000000eff1a00000] [id=22120]
  0x00000278a3927800 ConcurrentGCThread "G1 Main Marker" [stack: 0x000000eff1a00000,0x000000eff1b00000] [id=10928]
  0x00000278a3929800 ConcurrentGCThread "G1 Conc#0" [stack: 0x000000eff1b00000,0x000000eff1c00000] [id=18728]

[error occurred during error reporting (printing all threads), id 0xc0000005, EXCEPTION_ACCESS_VIOLATION (0xc0000005) at pc=0x00007ffa1abf1257]

VM state:not at safepoint (not fully initialized)

VM Mutex/Monitor currently owned by a thread:  ([mutex/lock_event])
[0x00000278a16bc240] Heap_lock - owner thread: 0x00000278a38de000

Heap address: 0x00000000a0e00000, size: 1522 MB, Compressed Oops mode: 32-bit
Narrow klass base: 0x0000000000000000, Narrow klass shift: 0

GC Heap History (0 events):
No events

Deoptimization events (0 events):
No events

Classes unloaded (0 events):
No events

Classes redefined (0 events):
No events

Internal exceptions (0 events):
No events

Events (2 events):
Event: 0.031 Loaded shared library C:\Program Files\Java\jdk-14.0.2\bin\java.dll
Event: 0.033 Loaded shared library C:\Program Files\Java\jdk-14.0.2\bin\zip.dll


Dynamic libraries:
0x00007ff6f0300000 - 0x00007ff6f030f000 	C:\Program Files\Java\jdk-14.0.2\bin\javaw.exe
0x00007ffa60780000 - 0x00007ffa60970000 	C:\WINDOWS\SYSTEM32\ntdll.dll
0x00007ffa604b0000 - 0x00007ffa60562000 	C:\WINDOWS\System32\KERNEL32.DLL
0x00007ffa5e120000 - 0x00007ffa5e3c5000 	C:\WINDOWS\System32\KERNELBASE.dll
0x00007ffa5dec0000 - 0x00007ffa5dfba000 	C:\WINDOWS\System32\ucrtbase.dll
0x00007ffa3dd40000 - 0x00007ffa3dd55000 	C:\Program Files\Java\jdk-14.0.2\bin\VCRUNTIME140.dll
0x00007ffa4a530000 - 0x00007ffa4a548000 	C:\Program Files\Java\jdk-14.0.2\bin\jli.dll
0x00007ffa5ff50000 - 0x00007ffa5fff3000 	C:\WINDOWS\System32\ADVAPI32.dll
0x00007ffa5eab0000 - 0x00007ffa5eb4e000 	C:\WINDOWS\System32\msvcrt.dll
0x00007ffa5f2a0000 - 0x00007ffa5f337000 	C:\WINDOWS\System32\sechost.dll
0x00007ffa60620000 - 0x00007ffa60740000 	C:\WINDOWS\System32\RPCRT4.dll
0x00007ffa5fc80000 - 0x00007ffa5fe14000 	C:\WINDOWS\System32\USER32.dll
0x00007ffa5de90000 - 0x00007ffa5deb1000 	C:\WINDOWS\System32\win32u.dll
0x00007ffa60570000 - 0x00007ffa60596000 	C:\WINDOWS\System32\GDI32.dll
0x00007ffa5e480000 - 0x00007ffa5e616000 	C:\WINDOWS\System32\gdi32full.dll
0x00007ffa5e790000 - 0x00007ffa5e82e000 	C:\WINDOWS\System32\msvcp_win.dll
0x00007ffa4dd00000 - 0x00007ffa4df84000 	C:\WINDOWS\WinSxS\amd64_microsoft.windows.common-controls_6595b64144ccf1df_6.0.18362.1139_none_9e7bf2d3e4605ac6\COMCTL32.dll
0x00007ffa5f7b0000 - 0x00007ffa5fae5000 	C:\WINDOWS\System32\combase.dll
0x00007ffa5dff0000 - 0x00007ffa5e070000 	C:\WINDOWS\System32\bcryptPrimitives.dll
0x00007ffa51530000 - 0x00007ffa5153a000 	C:\WINDOWS\SYSTEM32\VERSION.dll
0x00007ffa5fc40000 - 0x00007ffa5fc6e000 	C:\WINDOWS\System32\IMM32.DLL
0x00007ffa29870000 - 0x00007ffa2990b000 	C:\Program Files\Java\jdk-14.0.2\bin\msvcp140.dll
0x00007ffa1a940000 - 0x00007ffa1b45e000 	C:\Program Files\Java\jdk-14.0.2\bin\server\jvm.dll
0x00007ffa60330000 - 0x00007ffa60338000 	C:\WINDOWS\System32\PSAPI.DLL
0x00007ffa4d370000 - 0x00007ffa4d379000 	C:\WINDOWS\SYSTEM32\WSOCK32.dll
0x00007ffa60000000 - 0x00007ffa6006f000 	C:\WINDOWS\System32\WS2_32.dll
0x00007ffa4db90000 - 0x00007ffa4dbb4000 	C:\WINDOWS\SYSTEM32\WINMM.dll
0x00007ffa51e70000 - 0x00007ffa51e9d000 	C:\WINDOWS\SYSTEM32\WINMMBASE.dll
0x00007ffa5e070000 - 0x00007ffa5e0ba000 	C:\WINDOWS\System32\cfgmgr32.dll
0x00007ffa5d650000 - 0x00007ffa5d661000 	C:\WINDOWS\System32\kernel.appcore.dll
0x00007ffa57c00000 - 0x00007ffa57c0a000 	C:\Program Files\Java\jdk-14.0.2\bin\jimage.dll
0x00007ffa559f0000 - 0x00007ffa55be4000 	C:\WINDOWS\SYSTEM32\DBGHELP.DLL
0x00007ffa55f80000 - 0x00007ffa55faa000 	C:\WINDOWS\SYSTEM32\dbgcore.DLL
0x00007ffa54640000 - 0x00007ffa54665000 	C:\Program Files\Java\jdk-14.0.2\bin\java.dll
0x00007ffa57a70000 - 0x00007ffa57a86000 	C:\Program Files\Java\jdk-14.0.2\bin\zip.dll

dbghelp: loaded successfully - version: 4.0.5 - missing functions: none
symbol engine: initialized successfully - sym options: 0x614 - pdb path: .;C:\Program Files\Java\jdk-14.0.2\bin;C:\WINDOWS\SYSTEM32;C:\WINDOWS\WinSxS\amd64_microsoft.windows.common-controls_6595b64144ccf1df_6.0.18362.1139_none_9e7bf2d3e4605ac6;C:\Program Files\Java\jdk-14.0.2\bin\server

VM Arguments:
jvm_args: --module-path=C:\Users\Ayush Basak\Downloads\openjfx-11.0.2_windows-x64_bin-sdk\javafx-sdk-11.0.2\lib --add-modules=javafx.controls -Dfile.encoding=Cp1252 
java_command: Main
java_class_path (initial): D:\LNMIIT\Softwares\AP-Project\Bank_Of_IIT-Jamdoli\bin;C:\Users\Ayush Basak\Downloads\openjfx-11.0.2_windows-x64_bin-sdk\javafx-sdk-11.0.2\lib\javafx.base.jar;C:\Users\Ayush Basak\Downloads\openjfx-11.0.2_windows-x64_bin-sdk\javafx-sdk-11.0.2\lib\javafx.controls.jar;C:\Users\Ayush Basak\Downloads\openjfx-11.0.2_windows-x64_bin-sdk\javafx-sdk-11.0.2\lib\javafx.fxml.jar;C:\Users\Ayush Basak\Downloads\openjfx-11.0.2_windows-x64_bin-sdk\javafx-sdk-11.0.2\lib\javafx.graphics.jar;C:\Users\Ayush Basak\Downloads\openjfx-11.0.2_windows-x64_bin-sdk\javafx-sdk-11.0.2\lib\javafx.media.jar;C:\Users\Ayush Basak\Downloads\openjfx-11.0.2_windows-x64_bin-sdk\javafx-sdk-11.0.2\lib\javafx.swing.jar;C:\Users\Ayush Basak\Downloads\openjfx-11.0.2_windows-x64_bin-sdk\javafx-sdk-11.0.2\lib\javafx.web.jar;C:\Users\Ayush Basak\Downloads\openjfx-11.0.2_windows-x64_bin-sdk\javafx-sdk-11.0.2\lib\javafx-swt.jar;D:\LNMIIT\Softwares\AP-Project\Bank_Of_IIT-Jamdoli\drivers\postgresql-42.2.18.jar
Launcher Type: SUN_STANDARD

[Global flags]
     intx CICompilerCount                          = 4                                         {product} {ergonomic}
     uint ConcGCThreads                            = 2                                         {product} {ergonomic}
     uint G1ConcRefinementThreads                  = 8                                         {product} {ergonomic}
   size_t G1HeapRegionSize                         = 1048576                                   {product} {ergonomic}
    uintx GCDrainStackTargetSize                   = 64                                        {product} {ergonomic}
   size_t InitialHeapSize                          = 100663296                                 {product} {ergonomic}
   size_t MarkStackSize                            = 4194304                                   {product} {ergonomic}
   size_t MaxHeapSize                              = 1595932672                                {product} {ergonomic}
   size_t MinHeapDeltaBytes                        = 1048576                                   {product} {ergonomic}
   size_t MinHeapSize                              = 8388608                                   {product} {ergonomic}
    uintx NonNMethodCodeHeapSize                   = 5839372                                {pd product} {ergonomic}
    uintx NonProfiledCodeHeapSize                  = 122909434                              {pd product} {ergonomic}
    uintx ProfiledCodeHeapSize                     = 122909434                              {pd product} {ergonomic}
    uintx ReservedCodeCacheSize                    = 251658240                              {pd product} {ergonomic}
     bool SegmentedCodeCache                       = true                                      {product} {ergonomic}
   size_t SoftMaxHeapSize                          = 1595932672                             {manageable} {ergonomic}
     bool UseCompressedClassPointers               = true                                 {lp64_product} {ergonomic}
     bool UseCompressedOops                        = true                                 {lp64_product} {ergonomic}
     bool UseG1GC                                  = true                                      {product} {ergonomic}
     bool UseLargePagesIndividualAllocation        = false                                  {pd product} {ergonomic}

Logging:
Log output configuration:
 #0: stdout all=warning uptime,level,tags
 #1: stderr all=off uptime,level,tags

Environment Variables:
PATH=C:/Program Files/Java/jdk-14.0.2/bin/server;C:/Program Files/Java/jdk-14.0.2/bin;C:\Program Files\Python37\Scripts\;C:\Program Files\Python37\;C:\WINDOWS\system32;C:\WINDOWS;C:\WINDOWS\System32\Wbem;C:\WINDOWS\System32\WindowsPowerShell\v1.0\;C:\WINDOWS\System32\OpenSSH\;C:\Program Files\MATLAB\R2019b\bin;C:\Program Files\Git\cmd;C:\Program Files\nodejs\;C:\Program Files\dotnet\;C:\Program Files\Microsoft SQL Server\130\Tools\Binn\;C:\Program Files\Microsoft SQL Server\Client SDK\ODBC\170\Tools\Binn\;C:\Program Files\MySQL\MySQL Shell 8.0\bin\;C:\Program Files\MySQL\MySQL Shell 8.0\bin\mysql;C:\Program Files\Java\jdk-14.0.2\bin;C:\Users\Ayush Basak\AppData\Local\Microsoft\WindowsApps;C:\Users\Ayush Basak\AppData\Roaming\npm;C:\Users\Ayush Basak\Downloads\opencv_python-4.1.2+contrib-cp38-cp38-win32 (2).whl;C:\Flutter\flutter\bin;C:\Users\Ayush Basak\AppData\Local\Programs\Microsoft VS Code\bin;C:\Program Files\Python37\Lib\site-packages\cv2\cv2.cp37-win_amd64.pyd;C:\Users\Ayush Basak\Anaconda3\Lib\site-packages\PIL\__init__.py;C:\MinGW\bin;C:\Program Files\heroku\bin;C:\Users\Ayush Basak\AppData\Local\Microsoft\WindowsApps;C:\Users\Ayush Basak\Anaconda3\Library\bin;C:\Users\Ayush Basak\Anaconda3\Scripts;C:\Users\Ayush Basak\Anaconda3;C:\Program Files (x86)\Common Files\Oracle\Java\javapath_target_173578046;D:\LNMIIT\Softwares\md5;C:\Program Files\MySQL\MySQL Server 8.0\bin;C:\Program Files\PostgreSQL\12\bin;C:\Users\Ayush Basak\AppData\Local\GitHubDesktop\bin;C:\Program Files (x86)\GitHub CLI\;C:\Users\Ayush Basak\Downloads\apache-ant-1.10.9-bin\apache-ant-1.10.9\bin;C:\Flutter\flutter\bin;C:\Program Files\PostgreSQL\13\bin;C:\Program Files\Notepad++;;C:\WINDOWS\System32;
USERNAME=Ayush Basak
OS=Windows_NT
PROCESSOR_IDENTIFIER=AMD64 Family 23 Model 24 Stepping 1, AuthenticAMD



---------------  S Y S T E M  ---------------

OS: Windows 10 , 64 bit Build 18362 (10.0.18362.1110)
OS uptime: 3 days 21:23 hours

CPU:total 8 (initial active 8) (8 cores per cpu, 2 threads per core) family 23 model 24 stepping 1, cmov, cx8, fxsr, mmx, sse, sse2, sse3, ssse3, sse4.1, sse4.2, popcnt, avx, avx2, aes, clmul, mmxext, 3dnowpref, lzcnt, sse4a, ht, tsc, tscinvbit, tscinv, bmi1, bmi2, adx, sha, fma

Memory: 4k page, system-wide physical 6082M (419M free)
TotalPageFile size 24514M (AvailPageFile size 60M)
current process WorkingSet (physical memory assigned to process): 10M, peak: 10M
current process commit charge ("private bytes"): 60M, peak: 156M

vm_info: Java HotSpot(TM) 64-Bit Server VM (14.0.2+12-46) for windows-amd64 JRE (14.0.2+12-46), built on Jul  9 2020 00:35:52 by "mach5one" with MS VC++ 15.9 (VS2017)

END.
